<?xml version="1.0" encoding="UTF-8"?>
<!-- Generated by org.testng.reporters.JUnitReportReporter -->
<testsuite hostname="Nakul" name="com.imdb.tests.ImdbTests" tests="1" failures="0" timestamp="7 Jun 2019 18:07:35 GMT" time="49.522" errors="0">
  <testcase name="validateHyperLinksOnCreateAccountPage" time="49.522" classname="com.imdb.tests.ImdbTests"/>
</testsuite> <!-- com.imdb.tests.ImdbTests -->
