<?xml version="1.0" encoding="UTF-8"?>
<!-- Generated by org.testng.reporters.JUnitReportReporter -->
<testsuite hostname="Neeraj" name="com.gurpreet.project.appium" tests="1" failures="0" timestamp="6 Mar 2016 07:31:12 GMT" time="2.209" errors="0">
  <testcase name="test2" time="2.209" classname="com.gurpreet.project.appium"/>
</testsuite> <!-- com.gurpreet.project.appium -->
